Started GET "/" for 127.0.0.1 at 2018-10-05 17:59:02 -0600
Processing by Rails::WelcomeController#index as HTML
  Rendering /Library/Ruby/Gems/2.3.0/gems/railties-5.2.1/lib/rails/templates/rails/welcome/index.html.erb
  Rendered /Library/Ruby/Gems/2.3.0/gems/railties-5.2.1/lib/rails/templates/rails/welcome/index.html.erb (15.0ms)
Completed 200 OK in 141ms (Views: 52.6ms | ActiveRecord: 0.0ms)


Started GET "/" for 127.0.0.1 at 2018-10-05 18:19:54 -0600
Processing by Rails::WelcomeController#index as HTML
  Rendering /Library/Ruby/Gems/2.3.0/gems/railties-5.2.1/lib/rails/templates/rails/welcome/index.html.erb
  Rendered /Library/Ruby/Gems/2.3.0/gems/railties-5.2.1/lib/rails/templates/rails/welcome/index.html.erb (16.3ms)
Completed 200 OK in 65ms (Views: 47.0ms | ActiveRecord: 0.0ms)


Started GET "/" for 127.0.0.1 at 2018-10-05 18:39:12 -0600
Processing by PostsController#index as HTML
  Rendering posts/index.html.erb within layouts/application
  Rendered posts/index.html.erb within layouts/application (1.0ms)
Completed 200 OK in 1115ms (Views: 1109.3ms | ActiveRecord: 0.0ms)


Started GET "/" for 127.0.0.1 at 2018-10-05 20:17:15 -0600
Processing by PostsController#index as HTML
  Rendering posts/index.html.erb within layouts/application
  Rendered posts/index.html.erb within layouts/application (3.7ms)
Completed 200 OK in 454ms (Views: 445.2ms | ActiveRecord: 0.0ms)


Started GET "/about" for 127.0.0.1 at 2018-10-05 20:17:19 -0600
Processing by PagesController#about as HTML
  Rendering pages/about.html.erb within layouts/application
  Rendered pages/about.html.erb within layouts/application (0.4ms)
Completed 200 OK in 65ms (Views: 61.1ms | ActiveRecord: 0.0ms)


Started GET "/about" for 127.0.0.1 at 2018-10-05 20:19:56 -0600
Processing by PagesController#about as HTML
  Rendering pages/about.html.erb within layouts/application
  Rendered pages/about.html.erb within layouts/application (0.7ms)
Completed 500 Internal Server Error in 11ms (ActiveRecord: 0.0ms)


  
SyntaxError (/Users/jeffreyshen/Documents/Rails-blog/Ruby-Blog/app/views/pages/about.html.erb:1: syntax error, unexpected '=', expecting keyword_end
...er.safe_append='<h1>'.freeze; = @title ;@output_buffer.safe_...
...                               ^):
  
app/views/pages/about.html.erb:1: syntax error, unexpected '=', expecting keyword_end
Started GET "/about" for 127.0.0.1 at 2018-10-05 20:19:57 -0600
Processing by PagesController#about as HTML
  Rendering pages/about.html.erb within layouts/application
  Rendered pages/about.html.erb within layouts/application (0.9ms)
Completed 500 Internal Server Error in 13ms (ActiveRecord: 0.0ms)


  
SyntaxError (/Users/jeffreyshen/Documents/Rails-blog/Ruby-Blog/app/views/pages/about.html.erb:1: syntax error, unexpected '=', expecting keyword_end
...er.safe_append='<h1>'.freeze; = @title ;@output_buffer.safe_...
...                               ^):
  
app/views/pages/about.html.erb:1: syntax error, unexpected '=', expecting keyword_end
Started GET "/about" for 127.0.0.1 at 2018-10-05 20:20:48 -0600
Processing by PagesController#about as HTML
  Rendering pages/about.html.erb within layouts/application
  Rendered pages/about.html.erb within layouts/application (0.4ms)
Completed 200 OK in 60ms (Views: 53.5ms | ActiveRecord: 0.0ms)


Started GET "/about" for 127.0.0.1 at 2018-10-05 20:25:26 -0600
Processing by PagesController#about as HTML
  Rendering pages/about.html.erb within layouts/application
  Rendered pages/about.html.erb within layouts/application (1.4ms)
Completed 200 OK in 72ms (Views: 66.9ms | ActiveRecord: 0.0ms)


Started GET "/" for 127.0.0.1 at 2018-10-05 20:29:24 -0600
Processing by PostsController#index as HTML
  Rendering posts/index.html.erb within layouts/application
  Rendered posts/index.html.erb within layouts/application (0.8ms)
Completed 200 OK in 52ms (Views: 49.3ms | ActiveRecord: 0.0ms)


Started GET "/about" for 127.0.0.1 at 2018-10-05 20:29:30 -0600
Processing by PagesController#about as HTML
  Rendering pages/about.html.erb within layouts/application
  Rendered pages/about.html.erb within layouts/application (0.7ms)
Completed 200 OK in 70ms (Views: 66.5ms | ActiveRecord: 0.0ms)


Started GET "/" for 127.0.0.1 at 2018-10-05 20:32:21 -0600
Processing by PostsController#index as HTML
  Rendering posts/index.html.erb within layouts/application
  Rendered posts/index.html.erb within layouts/application (0.5ms)
Completed 200 OK in 45ms (Views: 41.9ms | ActiveRecord: 0.0ms)


Started GET "/about" for 127.0.0.1 at 2018-10-05 20:34:28 -0600
Processing by PagesController#about as HTML
  Rendering pages/about.html.erb within layouts/application
  Rendered pages/about.html.erb within layouts/application (0.5ms)
Completed 200 OK in 45ms (Views: 41.3ms | ActiveRecord: 0.0ms)


Started GET "/" for 127.0.0.1 at 2018-10-05 20:34:32 -0600
Processing by PostsController#index as HTML
  Rendering posts/index.html.erb within layouts/application
  Rendered posts/index.html.erb within layouts/application (0.6ms)
Completed 200 OK in 58ms (Views: 50.4ms | ActiveRecord: 0.0ms)


Started GET "/post/new" for 127.0.0.1 at 2018-10-05 20:35:42 -0600
  
ActionController::RoutingError (No route matches [GET] "/post/new"):
  
actionpack (5.2.1) lib/action_dispatch/middleware/debug_exceptions.rb:65:in `call'
web-console (3.7.0) lib/web_console/middleware.rb:135:in `call_app'
web-console (3.7.0) lib/web_console/middleware.rb:30:in `block in call'
web-console (3.7.0) lib/web_console/middleware.rb:20:in `catch'
web-console (3.7.0) lib/web_console/middleware.rb:20:in `call'
actionpack (5.2.1) lib/action_dispatch/middleware/show_exceptions.rb:33:in `call'
railties (5.2.1) lib/rails/rack/logger.rb:38:in `call_app'
railties (5.2.1) lib/rails/rack/logger.rb:26:in `block in call'
activesupport (5.2.1) lib/active_support/tagged_logging.rb:71:in `block in tagged'
activesupport (5.2.1) lib/active_support/tagged_logging.rb:28:in `tagged'
activesupport (5.2.1) lib/active_support/tagged_logging.rb:71:in `tagged'
railties (5.2.1) lib/rails/rack/logger.rb:26:in `call'
sprockets-rails (3.2.1) lib/sprockets/rails/quiet_assets.rb:13:in `call'
actionpack (5.2.1) lib/action_dispatch/middleware/remote_ip.rb:81:in `call'
actionpack (5.2.1) lib/action_dispatch/middleware/request_id.rb:27:in `call'
rack (2.0.5) lib/rack/method_override.rb:22:in `call'
rack (2.0.5) lib/rack/runtime.rb:22:in `call'
activesupport (5.2.1) lib/active_support/cache/strategy/local_cache_middleware.rb:29:in `call'
actionpack (5.2.1) lib/action_dispatch/middleware/executor.rb:14:in `call'
actionpack (5.2.1) lib/action_dispatch/middleware/static.rb:127:in `call'
rack (2.0.5) lib/rack/sendfile.rb:111:in `call'
railties (5.2.1) lib/rails/engine.rb:524:in `call'
puma (3.12.0) lib/puma/configuration.rb:225:in `call'
puma (3.12.0) lib/puma/server.rb:658:in `handle_request'
puma (3.12.0) lib/puma/server.rb:472:in `process_client'
puma (3.12.0) lib/puma/server.rb:332:in `block in run'
puma (3.12.0) lib/puma/thread_pool.rb:133:in `block in spawn_thread'
Started GET "/posts/new" for 127.0.0.1 at 2018-10-05 20:35:51 -0600
Processing by PostsController#new as HTML
  Rendering posts/new.html.erb within layouts/application
  Rendered posts/new.html.erb within layouts/application (0.7ms)
Completed 200 OK in 98ms (Views: 92.0ms | ActiveRecord: 0.0ms)


Started GET "/posts/new" for 127.0.0.1 at 2018-10-05 20:44:37 -0600
Processing by PostsController#new as HTML
  Rendering posts/new.html.erb within layouts/application
  Rendered posts/new.html.erb within layouts/application (0.5ms)
Completed 200 OK in 44ms (Views: 41.0ms | ActiveRecord: 0.0ms)


Started GET "/posts/new" for 127.0.0.1 at 2018-10-05 20:47:25 -0600
Processing by PostsController#new as HTML
  Rendering posts/new.html.erb within layouts/application
  Rendered posts/new.html.erb within layouts/application (59.0ms)
Completed 200 OK in 126ms (Views: 121.7ms | ActiveRecord: 0.0ms)


Started GET "/posts/new" for 127.0.0.1 at 2018-10-05 20:59:57 -0600
Processing by PostsController#new as HTML
  Rendering posts/new.html.erb within layouts/application
  Rendered posts/new.html.erb within layouts/application (6.0ms)
Completed 200 OK in 82ms (Views: 78.3ms | ActiveRecord: 0.0ms)


Started GET "/posts/new" for 127.0.0.1 at 2018-10-05 20:59:59 -0600
Processing by PostsController#new as HTML
  Rendering posts/new.html.erb within layouts/application
  Rendered posts/new.html.erb within layouts/application (3.6ms)
Completed 200 OK in 59ms (Views: 57.0ms | ActiveRecord: 0.0ms)


Started POST "/posts/new" for 127.0.0.1 at 2018-10-05 21:00:53 -0600
  
ActionController::RoutingError (No route matches [POST] "/posts/new"):
  
actionpack (5.2.1) lib/action_dispatch/middleware/debug_exceptions.rb:65:in `call'
web-console (3.7.0) lib/web_console/middleware.rb:135:in `call_app'
web-console (3.7.0) lib/web_console/middleware.rb:30:in `block in call'
web-console (3.7.0) lib/web_console/middleware.rb:20:in `catch'
web-console (3.7.0) lib/web_console/middleware.rb:20:in `call'
actionpack (5.2.1) lib/action_dispatch/middleware/show_exceptions.rb:33:in `call'
railties (5.2.1) lib/rails/rack/logger.rb:38:in `call_app'
railties (5.2.1) lib/rails/rack/logger.rb:26:in `block in call'
activesupport (5.2.1) lib/active_support/tagged_logging.rb:71:in `block in tagged'
activesupport (5.2.1) lib/active_support/tagged_logging.rb:28:in `tagged'
activesupport (5.2.1) lib/active_support/tagged_logging.rb:71:in `tagged'
railties (5.2.1) lib/rails/rack/logger.rb:26:in `call'
sprockets-rails (3.2.1) lib/sprockets/rails/quiet_assets.rb:13:in `call'
actionpack (5.2.1) lib/action_dispatch/middleware/remote_ip.rb:81:in `call'
actionpack (5.2.1) lib/action_dispatch/middleware/request_id.rb:27:in `call'
rack (2.0.5) lib/rack/method_override.rb:22:in `call'
rack (2.0.5) lib/rack/runtime.rb:22:in `call'
activesupport (5.2.1) lib/active_support/cache/strategy/local_cache_middleware.rb:29:in `call'
actionpack (5.2.1) lib/action_dispatch/middleware/executor.rb:14:in `call'
actionpack (5.2.1) lib/action_dispatch/middleware/static.rb:127:in `call'
rack (2.0.5) lib/rack/sendfile.rb:111:in `call'
railties (5.2.1) lib/rails/engine.rb:524:in `call'
puma (3.12.0) lib/puma/configuration.rb:225:in `call'
puma (3.12.0) lib/puma/server.rb:658:in `handle_request'
puma (3.12.0) lib/puma/server.rb:472:in `process_client'
puma (3.12.0) lib/puma/server.rb:332:in `block in run'
puma (3.12.0) lib/puma/thread_pool.rb:133:in `block in spawn_thread'
Started POST "/posts/new" for 127.0.0.1 at 2018-10-05 21:01:08 -0600
  
ActionController::RoutingError (No route matches [POST] "/posts/new"):
  
actionpack (5.2.1) lib/action_dispatch/middleware/debug_exceptions.rb:65:in `call'
web-console (3.7.0) lib/web_console/middleware.rb:135:in `call_app'
web-console (3.7.0) lib/web_console/middleware.rb:30:in `block in call'
web-console (3.7.0) lib/web_console/middleware.rb:20:in `catch'
web-console (3.7.0) lib/web_console/middleware.rb:20:in `call'
actionpack (5.2.1) lib/action_dispatch/middleware/show_exceptions.rb:33:in `call'
railties (5.2.1) lib/rails/rack/logger.rb:38:in `call_app'
railties (5.2.1) lib/rails/rack/logger.rb:26:in `block in call'
activesupport (5.2.1) lib/active_support/tagged_logging.rb:71:in `block in tagged'
activesupport (5.2.1) lib/active_support/tagged_logging.rb:28:in `tagged'
activesupport (5.2.1) lib/active_support/tagged_logging.rb:71:in `tagged'
railties (5.2.1) lib/rails/rack/logger.rb:26:in `call'
sprockets-rails (3.2.1) lib/sprockets/rails/quiet_assets.rb:13:in `call'
actionpack (5.2.1) lib/action_dispatch/middleware/remote_ip.rb:81:in `call'
actionpack (5.2.1) lib/action_dispatch/middleware/request_id.rb:27:in `call'
rack (2.0.5) lib/rack/method_override.rb:22:in `call'
rack (2.0.5) lib/rack/runtime.rb:22:in `call'
activesupport (5.2.1) lib/active_support/cache/strategy/local_cache_middleware.rb:29:in `call'
actionpack (5.2.1) lib/action_dispatch/middleware/executor.rb:14:in `call'
actionpack (5.2.1) lib/action_dispatch/middleware/static.rb:127:in `call'
rack (2.0.5) lib/rack/sendfile.rb:111:in `call'
railties (5.2.1) lib/rails/engine.rb:524:in `call'
puma (3.12.0) lib/puma/configuration.rb:225:in `call'
puma (3.12.0) lib/puma/server.rb:658:in `handle_request'
puma (3.12.0) lib/puma/server.rb:472:in `process_client'
puma (3.12.0) lib/puma/server.rb:332:in `block in run'
puma (3.12.0) lib/puma/thread_pool.rb:133:in `block in spawn_thread'
Started GET "/posts" for 127.0.0.1 at 2018-10-05 21:01:55 -0600
Processing by PostsController#index as HTML
  Rendering posts/index.html.erb within layouts/application
  Rendered posts/index.html.erb within layouts/application (1.8ms)
Completed 200 OK in 65ms (Views: 60.6ms | ActiveRecord: 0.0ms)


Started GET "/posts" for 127.0.0.1 at 2018-10-05 21:01:57 -0600
Processing by PostsController#index as HTML
  Rendering posts/index.html.erb within layouts/application
  Rendered posts/index.html.erb within layouts/application (0.4ms)
Completed 200 OK in 35ms (Views: 31.7ms | ActiveRecord: 0.0ms)


Started GET "/posts" for 127.0.0.1 at 2018-10-05 21:02:08 -0600
Processing by PostsController#index as HTML
  Rendering posts/index.html.erb within layouts/application
  Rendered posts/index.html.erb within layouts/application (0.3ms)
Completed 200 OK in 32ms (Views: 28.0ms | ActiveRecord: 0.0ms)


Started GET "/posts/new" for 127.0.0.1 at 2018-10-05 21:02:10 -0600
Processing by PostsController#new as HTML
  Rendering posts/new.html.erb within layouts/application
  Rendered posts/new.html.erb within layouts/application (2.0ms)
Completed 200 OK in 69ms (Views: 63.9ms | ActiveRecord: 0.0ms)


Started GET "/posts/new" for 127.0.0.1 at 2018-10-05 21:02:54 -0600
Processing by PostsController#new as HTML
  Rendering posts/new.html.erb within layouts/application
  Rendered posts/new.html.erb within layouts/application (1.6ms)
Completed 200 OK in 43ms (Views: 40.0ms | ActiveRecord: 0.0ms)


Started GET "/posts/new" for 127.0.0.1 at 2018-10-05 21:03:58 -0600
Processing by PostsController#new as HTML
  Rendering posts/new.html.erb within layouts/application
  Rendered posts/new.html.erb within layouts/application (3.3ms)
Completed 200 OK in 58ms (Views: 54.6ms | ActiveRecord: 0.0ms)


Started POST "/posts" for 127.0.0.1 at 2018-10-05 21:04:00 -0600
Processing by PostsController#create as HTML
  Parameters: {"utf8"=>"✓", "authenticity_token"=>"p6fTMFWKhFYuYM8szKulz5HL5lTS0qGWwEPfbySYkl/rPHOFcvZgPVf7p4f0ZhzCzErjhr8cdcovJ6+Shr+p3w==", "post"=>{"title"=>"sdfs", "body"=>"sfds"}, "commit"=>"Save Post"}
  Rendering text template
  Rendered text template (0.1ms)
Completed 200 OK in 16ms (Views: 14.5ms | ActiveRecord: 0.0ms)


  [1m[35m (0.5ms)[0m  [1m[34mSELECT sqlite_version(*)[0m
  ↳ /usr/local/bin/rake:22
  [1m[35m (1.4ms)[0m  [1m[35mCREATE TABLE "schema_migrations" ("version" varchar NOT NULL PRIMARY KEY)[0m
  ↳ /usr/local/bin/rake:22
  [1m[35m (2.4ms)[0m  [1m[35mCREATE TABLE "ar_internal_metadata" ("key" varchar NOT NULL PRIMARY KEY, "value" varchar, "created_at" datetime NOT NULL, "updated_at" datetime NOT NULL)[0m
  ↳ /usr/local/bin/rake:22
  [1m[35m (0.2ms)[0m  [1m[34mSELECT "schema_migrations"."version" FROM "schema_migrations" ORDER BY "schema_migrations"."version" ASC[0m
  ↳ /usr/local/bin/rake:22
Migrating to CreatePosts (20181006030548)
  [1m[35m (0.1ms)[0m  [1m[36mbegin transaction[0m
  ↳ /usr/local/bin/rake:22
  [1m[35m (0.8ms)[0m  [1m[35mCREATE TABLE "posts" ("id" integer PRIMARY KEY AUTOINCREMENT NOT NULL, "title" varchar, "body" text, "created_at" datetime NOT NULL, "updated_at" datetime NOT NULL)[0m
  ↳ db/migrate/20181006030548_create_posts.rb:3
  [1m[36mActiveRecord::SchemaMigration Create (0.3ms)[0m  [1m[32mINSERT INTO "schema_migrations" ("version") VALUES (?)[0m  [["version", "20181006030548"]]
  ↳ /usr/local/bin/rake:22
  [1m[35m (1.2ms)[0m  [1m[36mcommit transaction[0m
  ↳ /usr/local/bin/rake:22
  [1m[36mActiveRecord::InternalMetadata Load (1.6ms)[0m  [1m[34mSELECT  "ar_internal_metadata".* FROM "ar_internal_metadata" WHERE "ar_internal_metadata"."key" = ? LIMIT ?[0m  [["key", "environment"], ["LIMIT", 1]]
  ↳ /usr/local/bin/rake:22
  [1m[35m (0.1ms)[0m  [1m[36mbegin transaction[0m
  ↳ /usr/local/bin/rake:22
  [1m[36mActiveRecord::InternalMetadata Create (0.7ms)[0m  [1m[32mINSERT INTO "ar_internal_metadata" ("key", "value", "created_at", "updated_at") VALUES (?, ?, ?, ?)[0m  [["key", "environment"], ["value", "development"], ["created_at", "2018-10-06 03:06:41.478416"], ["updated_at", "2018-10-06 03:06:41.478416"]]
  ↳ /usr/local/bin/rake:22
  [1m[35m (4.4ms)[0m  [1m[36mcommit transaction[0m
  ↳ /usr/local/bin/rake:22
  [1m[35m (0.2ms)[0m  [1m[34mSELECT "schema_migrations"."version" FROM "schema_migrations" ORDER BY "schema_migrations"."version" ASC[0m
  ↳ /usr/local/bin/rake:22
Started GET "/posts/new" for 127.0.0.1 at 2018-10-05 21:07:24 -0600
  [1m[35m (0.2ms)[0m  [1m[34mSELECT "schema_migrations"."version" FROM "schema_migrations" ORDER BY "schema_migrations"."version" ASC[0m
  ↳ /Library/Ruby/Gems/2.3.0/gems/activerecord-5.2.1/lib/active_record/log_subscriber.rb:98
Processing by PostsController#new as HTML
  Rendering posts/new.html.erb within layouts/application
  Rendered posts/new.html.erb within layouts/application (1.7ms)
Completed 200 OK in 61ms (Views: 56.7ms | ActiveRecord: 0.0ms)


Started POST "/posts" for 127.0.0.1 at 2018-10-05 21:07:27 -0600
Processing by PostsController#create as HTML
  Parameters: {"utf8"=>"✓", "authenticity_token"=>"pGyUR++7MeUdsRgtOdsnfsW/Tft/flGMANc5JpMF/h3o9zTyyMfVjmQqcIYBFp5zmD5IKRKwhdDvs0nbMSLFnQ==", "post"=>{"title"=>"sdfs", "body"=>"sdfs"}, "commit"=>"Save Post"}
Completed 500 Internal Server Error in 15ms (ActiveRecord: 1.2ms)


  
ActiveModel::ForbiddenAttributesError (ActiveModel::ForbiddenAttributesError):
  
app/controllers/posts_controller.rb:12:in `create'
Started GET "/posts/new" for 127.0.0.1 at 2018-10-05 21:08:19 -0600
Processing by PostsController#new as HTML
  Rendering posts/new.html.erb within layouts/application
  Rendered posts/new.html.erb within layouts/application (1.7ms)
Completed 200 OK in 43ms (Views: 40.2ms | ActiveRecord: 0.0ms)


Started POST "/posts" for 127.0.0.1 at 2018-10-05 21:08:22 -0600
Processing by PostsController#create as HTML
  Parameters: {"utf8"=>"✓", "authenticity_token"=>"56ylxeK03CROmFAUOLdqCVpKXvYGtnyQOhIampGHO7GrNwVwxcg4TzcDOL8AetMEB8tbJGt4qMzVdmpnM6AAMQ==", "post"=>{"title"=>"sdfsf", "body"=>"sdfs"}, "commit"=>"Save Post"}
Completed 500 Internal Server Error in 16ms (ActiveRecord: 1.0ms)


  
ActiveModel::ForbiddenAttributesError (ActiveModel::ForbiddenAttributesError):
  
app/controllers/posts_controller.rb:12:in `create'
Started GET "/posts/new" for 127.0.0.1 at 2018-10-05 21:11:45 -0600
Processing by PostsController#new as HTML
  Rendering posts/new.html.erb within layouts/application
  Rendered posts/new.html.erb within layouts/application (2.8ms)
Completed 200 OK in 49ms (Views: 46.0ms | ActiveRecord: 0.0ms)


Started POST "/posts" for 127.0.0.1 at 2018-10-05 21:11:51 -0600
Processing by PostsController#create as HTML
  Parameters: {"utf8"=>"✓", "authenticity_token"=>"CVEwr/SEgDGITvRWELWxbfkCWLVwQK0t5R6iiOdSrGBFypAa0/hkWvHVnP0oeAhgpINdZx2OeXEKetJ1RXWX4A==", "post"=>{"title"=>"hello", "body"=>"my name is geoff\r\n"}, "commit"=>"Save Post"}
Redirected to http://localhost:3000/posts
Completed 302 Found in 15ms (ActiveRecord: 0.6ms)


Started GET "/posts" for 127.0.0.1 at 2018-10-05 21:11:51 -0600
Processing by PostsController#index as HTML
  Rendering posts/index.html.erb within layouts/application
  Rendered posts/index.html.erb within layouts/application (0.4ms)
Completed 200 OK in 37ms (Views: 33.8ms | ActiveRecord: 0.0ms)


Started GET "/posts" for 127.0.0.1 at 2018-10-05 21:12:22 -0600
Processing by PostsController#index as HTML
  Rendering posts/index.html.erb within layouts/application
  Rendered posts/index.html.erb within layouts/application (0.4ms)
Completed 200 OK in 52ms (Views: 49.0ms | ActiveRecord: 0.0ms)


Started GET "/posts/new" for 127.0.0.1 at 2018-10-05 21:12:24 -0600
Processing by PostsController#new as HTML
  Rendering posts/new.html.erb within layouts/application
  Rendered posts/new.html.erb within layouts/application (5.6ms)
Completed 200 OK in 146ms (Views: 127.8ms | ActiveRecord: 0.0ms)


Started POST "/posts" for 127.0.0.1 at 2018-10-05 21:12:29 -0600
Processing by PostsController#create as HTML
  Parameters: {"utf8"=>"✓", "authenticity_token"=>"Hi5ddfH+mpZHxiaZ8ri/Va9131DYlNNO20JIS8FRK7dStf3A1oJ+/T5dTjLKdQZY8vTagrVaBxI0Jji2Y3YQNw==", "post"=>{"title"=>"Hello", "body"=>"my nameis jeff\r\n"}, "commit"=>"Save Post"}
Redirected to http://localhost:3000/posts
Completed 302 Found in 4ms (ActiveRecord: 0.0ms)


Started GET "/posts" for 127.0.0.1 at 2018-10-05 21:12:29 -0600
Processing by PostsController#index as HTML
  Rendering posts/index.html.erb within layouts/application
  Rendered posts/index.html.erb within layouts/application (0.6ms)
Completed 200 OK in 42ms (Views: 37.3ms | ActiveRecord: 0.0ms)


Started GET "/posts/new" for 127.0.0.1 at 2018-10-05 21:13:35 -0600
Processing by PostsController#new as HTML
  Rendering posts/new.html.erb within layouts/application
  Rendered posts/new.html.erb within layouts/application (2.3ms)
Completed 200 OK in 42ms (Views: 36.7ms | ActiveRecord: 0.0ms)


Started POST "/posts" for 127.0.0.1 at 2018-10-05 21:13:38 -0600
Processing by PostsController#create as HTML
  Parameters: {"utf8"=>"✓", "authenticity_token"=>"JM37zeWZoKgp9kN78WLPk8dgJivvUYVkgo5W4I/YsxJoVlt4wuVEw1BtK9DJr3aemuEj+YKfUTht6iYdLf+Ikg==", "post"=>{"title"=>"dfgsg", "body"=>"sdfgsdf"}, "commit"=>"Save Post"}
  [1m[35m (0.1ms)[0m  [1m[36mbegin transaction[0m
  ↳ app/controllers/posts_controller.rb:18
  [1m[36mPost Create (1.3ms)[0m  [1m[32mINSERT INTO "posts" ("title", "body", "created_at", "updated_at") VALUES (?, ?, ?, ?)[0m  [["title", "dfgsg"], ["body", "sdfgsdf"], ["created_at", "2018-10-06 03:13:38.786433"], ["updated_at", "2018-10-06 03:13:38.786433"]]
  ↳ app/controllers/posts_controller.rb:18
  [1m[35m (1.0ms)[0m  [1m[36mcommit transaction[0m
  ↳ app/controllers/posts_controller.rb:18
Redirected to http://localhost:3000/posts/1
Completed 302 Found in 24ms (ActiveRecord: 3.1ms)


Started GET "/posts/1" for 127.0.0.1 at 2018-10-05 21:13:38 -0600
Processing by PostsController#show as HTML
  Parameters: {"id"=>"1"}
  [1m[36mPost Load (0.2ms)[0m  [1m[34mSELECT  "posts".* FROM "posts" WHERE "posts"."id" = ? LIMIT ?[0m  [["id", 1], ["LIMIT", 1]]
  ↳ app/controllers/posts_controller.rb:7
  Rendering posts/show.html.erb within layouts/application
  Rendered posts/show.html.erb within layouts/application (0.9ms)
Completed 200 OK in 71ms (Views: 60.2ms | ActiveRecord: 0.2ms)


Started GET "/posts/1" for 127.0.0.1 at 2018-10-05 21:47:06 -0600
Processing by PostsController#show as HTML
  Parameters: {"id"=>"1"}
  [1m[36mPost Load (0.7ms)[0m  [1m[34mSELECT  "posts".* FROM "posts" WHERE "posts"."id" = ? LIMIT ?[0m  [["id", 1], ["LIMIT", 1]]
  ↳ app/controllers/posts_controller.rb:7
  Rendering posts/show.html.erb within layouts/application
  Rendered posts/show.html.erb within layouts/application (6.3ms)
Completed 200 OK in 132ms (Views: 109.6ms | ActiveRecord: 0.7ms)


Started GET "/posts/new" for 127.0.0.1 at 2018-10-05 21:47:10 -0600
Processing by PostsController#new as HTML
  Rendering posts/new.html.erb within layouts/application
  Rendered posts/new.html.erb within layouts/application (16.4ms)
Completed 200 OK in 110ms (Views: 105.1ms | ActiveRecord: 0.0ms)


Started GET "/posts/1" for 127.0.0.1 at 2018-10-05 21:47:30 -0600
Processing by PostsController#show as HTML
  Parameters: {"id"=>"1"}
  [1m[36mPost Load (0.4ms)[0m  [1m[34mSELECT  "posts".* FROM "posts" WHERE "posts"."id" = ? LIMIT ?[0m  [["id", 1], ["LIMIT", 1]]
  ↳ app/controllers/posts_controller.rb:7
  Rendering posts/show.html.erb within layouts/application
  Rendered posts/show.html.erb within layouts/application (1.3ms)
Completed 200 OK in 75ms (Views: 66.1ms | ActiveRecord: 0.4ms)


Started GET "/posts/1" for 127.0.0.1 at 2018-10-05 21:50:17 -0600
Processing by PostsController#show as HTML
  Parameters: {"id"=>"1"}
  [1m[36mPost Load (0.8ms)[0m  [1m[34mSELECT  "posts".* FROM "posts" WHERE "posts"."id" = ? LIMIT ?[0m  [["id", 1], ["LIMIT", 1]]
  ↳ app/controllers/posts_controller.rb:7
  Rendering posts/show.html.erb within layouts/application
  Rendered posts/show.html.erb within layouts/application (1.1ms)
Completed 200 OK in 132ms (Views: 72.9ms | ActiveRecord: 2.4ms)


Started GET "/posts/" for 127.0.0.1 at 2018-10-05 21:50:20 -0600
Processing by PostsController#index as HTML
  Rendering posts/index.html.erb within layouts/application
  [1m[36mPost Load (0.6ms)[0m  [1m[34mSELECT "posts".* FROM "posts"[0m
  ↳ app/views/posts/index.html.erb:2
  Rendered posts/index.html.erb within layouts/application (3.5ms)
Completed 200 OK in 84ms (Views: 78.3ms | ActiveRecord: 0.6ms)


Started GET "/posts/" for 127.0.0.1 at 2018-10-05 21:53:33 -0600
Processing by PostsController#index as HTML
  Rendering posts/index.html.erb within layouts/application
  [1m[36mPost Load (2.1ms)[0m  [1m[34mSELECT "posts".* FROM "posts"[0m
  ↳ app/views/posts/index.html.erb:2
  Rendered posts/index.html.erb within layouts/application (20.4ms)
Completed 200 OK in 130ms (Views: 114.4ms | ActiveRecord: 2.1ms)


Started GET "/posts/" for 127.0.0.1 at 2018-10-05 21:57:53 -0600
Processing by PostsController#index as HTML
  Rendering posts/index.html.erb within layouts/application
  [1m[36mPost Load (1.5ms)[0m  [1m[34mSELECT "posts".* FROM "posts"[0m
  ↳ app/views/posts/index.html.erb:2
  Rendered posts/index.html.erb within layouts/application (4.3ms)
Completed 200 OK in 75ms (Views: 68.8ms | ActiveRecord: 1.5ms)


Started GET "/posts/" for 127.0.0.1 at 2018-10-05 21:58:14 -0600
Processing by PostsController#index as HTML
  Rendering posts/index.html.erb within layouts/application
  [1m[36mPost Load (0.6ms)[0m  [1m[34mSELECT "posts".* FROM "posts"[0m
  ↳ app/views/posts/index.html.erb:2
  Rendered posts/index.html.erb within layouts/application (2.0ms)
Completed 200 OK in 56ms (Views: 49.0ms | ActiveRecord: 0.6ms)


Started GET "/posts/" for 127.0.0.1 at 2018-10-05 21:59:30 -0600
Processing by PostsController#index as HTML
  Rendering posts/index.html.erb within layouts/application
  [1m[36mPost Load (0.2ms)[0m  [1m[34mSELECT "posts".* FROM "posts"[0m
  ↳ app/views/posts/index.html.erb:2
  Rendered posts/index.html.erb within layouts/application (2.1ms)
Completed 200 OK in 54ms (Views: 50.6ms | ActiveRecord: 0.2ms)


Started GET "/posts/" for 127.0.0.1 at 2018-10-05 22:02:07 -0600
Processing by PostsController#index as HTML
  Rendering posts/index.html.erb within layouts/application
  [1m[36mPost Load (0.2ms)[0m  [1m[34mSELECT "posts".* FROM "posts"[0m
  ↳ app/views/posts/index.html.erb:2
  Rendered posts/index.html.erb within layouts/application (2.1ms)
Completed 200 OK in 58ms (Views: 52.8ms | ActiveRecord: 0.2ms)


Started GET "/posts/" for 127.0.0.1 at 2018-10-05 22:02:30 -0600
Processing by PostsController#index as HTML
  Rendering posts/index.html.erb within layouts/application
  [1m[36mPost Load (0.3ms)[0m  [1m[34mSELECT "posts".* FROM "posts"[0m
  ↳ app/views/posts/index.html.erb:2
  Rendered posts/index.html.erb within layouts/application (2.7ms)
Completed 200 OK in 73ms (Views: 67.0ms | ActiveRecord: 0.3ms)


Started GET "/posts/" for 127.0.0.1 at 2018-10-05 22:05:21 -0600
Processing by PostsController#index as HTML
  Rendering posts/index.html.erb within layouts/application
  [1m[36mPost Load (1.2ms)[0m  [1m[34mSELECT "posts".* FROM "posts"[0m
  ↳ app/views/posts/index.html.erb:2
  Rendered posts/index.html.erb within layouts/application (3.7ms)
Completed 200 OK in 78ms (Views: 71.6ms | ActiveRecord: 1.2ms)


Started GET "/posts/" for 127.0.0.1 at 2018-10-05 22:05:33 -0600
Processing by PostsController#index as HTML
  Rendering posts/index.html.erb within layouts/application
  [1m[36mPost Load (0.3ms)[0m  [1m[34mSELECT "posts".* FROM "posts"[0m
  ↳ app/views/posts/index.html.erb:2
  Rendered posts/index.html.erb within layouts/application (3.6ms)
Completed 200 OK in 87ms (Views: 80.2ms | ActiveRecord: 0.3ms)


Started GET "/posts/" for 127.0.0.1 at 2018-10-05 22:06:27 -0600
Processing by PostsController#index as HTML
  Rendering posts/index.html.erb within layouts/application
  [1m[36mPost Load (0.3ms)[0m  [1m[34mSELECT "posts".* FROM "posts"[0m
  ↳ app/views/posts/index.html.erb:2
  Rendered posts/index.html.erb within layouts/application (2.6ms)
Completed 500 Internal Server Error in 477ms (ActiveRecord: 0.3ms)


  
ActionView::Template::Error (undefined local variable or method `home_path' for #<#<Class:0x00007ff0689c9018>:0x00007ff06866f7f0>):
    19: 
    20:   <div class="collapse navbar-collapse" id="navbarsExampleDefault">
    21:     <ul class="navbar-nav mr-auto">
    22:       <li><%= link_to "Home", home_path %></li>
    23:       <li class="nav-item">
    24:         <a class="nav-link" href="#">Link</a>
    25:       </li>
  
app/views/layouts/application.html.erb:22:in `_app_views_layouts_application_html_erb___2495654027156457800_70335260221520'
Started GET "/posts/" for 127.0.0.1 at 2018-10-05 22:07:20 -0600
  
SyntaxError (/Users/jeffreyshen/Documents/Rails-blog/Ruby-Blog/config/routes.rb:5: syntax error, unexpected tSTRING_BEG, expecting keyword_do or '{' or '('
  get 'about' => 'pages#about', as 'about'
                                    ^):
  
config/routes.rb:5: syntax error, unexpected tSTRING_BEG, expecting keyword_do or '{' or '('
Started GET "/posts/" for 127.0.0.1 at 2018-10-05 22:07:28 -0600
Processing by PostsController#index as HTML
  Rendering posts/index.html.erb within layouts/application
  [1m[36mPost Load (0.7ms)[0m  [1m[34mSELECT "posts".* FROM "posts"[0m
  ↳ app/views/posts/index.html.erb:2
  Rendered posts/index.html.erb within layouts/application (16.7ms)
Completed 200 OK in 147ms (Views: 131.4ms | ActiveRecord: 2.3ms)


Started GET "/" for 127.0.0.1 at 2018-10-05 22:07:30 -0600
Processing by PostsController#index as HTML
  Rendering posts/index.html.erb within layouts/application
  [1m[36mPost Load (0.7ms)[0m  [1m[34mSELECT "posts".* FROM "posts"[0m
  ↳ app/views/posts/index.html.erb:2
  Rendered posts/index.html.erb within layouts/application (3.6ms)
Completed 200 OK in 85ms (Views: 74.0ms | ActiveRecord: 0.7ms)


Started GET "/" for 127.0.0.1 at 2018-10-05 22:08:19 -0600
Processing by PostsController#index as HTML
  Rendering posts/index.html.erb within layouts/application
  [1m[36mPost Load (0.7ms)[0m  [1m[34mSELECT "posts".* FROM "posts"[0m
  ↳ app/views/posts/index.html.erb:2
  Rendered posts/index.html.erb within layouts/application (2.8ms)
Completed 200 OK in 107ms (Views: 100.3ms | ActiveRecord: 0.7ms)


Started GET "/" for 127.0.0.1 at 2018-10-05 22:09:15 -0600
Processing by PostsController#index as HTML
  Rendering posts/index.html.erb within layouts/application
  [1m[36mPost Load (0.2ms)[0m  [1m[34mSELECT "posts".* FROM "posts"[0m
  ↳ app/views/posts/index.html.erb:2
  Rendered posts/index.html.erb within layouts/application (1.8ms)
Completed 200 OK in 51ms (Views: 45.9ms | ActiveRecord: 0.2ms)


Started GET "/" for 127.0.0.1 at 2018-10-05 22:10:00 -0600
Processing by PostsController#index as HTML
  Rendering posts/index.html.erb within layouts/application
  [1m[36mPost Load (0.2ms)[0m  [1m[34mSELECT "posts".* FROM "posts"[0m
  ↳ app/views/posts/index.html.erb:2
  Rendered posts/index.html.erb within layouts/application (1.6ms)
Completed 200 OK in 56ms (Views: 50.7ms | ActiveRecord: 0.2ms)


Started GET "/" for 127.0.0.1 at 2018-10-05 22:10:33 -0600
Processing by PostsController#index as HTML
  Rendering posts/index.html.erb within layouts/application
  [1m[36mPost Load (1.0ms)[0m  [1m[34mSELECT "posts".* FROM "posts"[0m
  ↳ app/views/posts/index.html.erb:2
  Rendered posts/index.html.erb within layouts/application (3.5ms)
Completed 200 OK in 58ms (Views: 52.3ms | ActiveRecord: 1.0ms)


Started GET "/posts/new" for 127.0.0.1 at 2018-10-05 22:10:44 -0600
Processing by PostsController#new as HTML
  Rendering posts/new.html.erb within layouts/application
  Rendered posts/new.html.erb within layouts/application (8.2ms)
Completed 200 OK in 131ms (Views: 123.8ms | ActiveRecord: 0.0ms)


Started GET "/posts/new" for 127.0.0.1 at 2018-10-05 22:10:53 -0600
Processing by PostsController#new as HTML
  Rendering posts/new.html.erb within layouts/application
  Rendered posts/new.html.erb within layouts/application (1.5ms)
Completed 200 OK in 46ms (Views: 40.8ms | ActiveRecord: 0.0ms)


Started GET "/posts/new" for 127.0.0.1 at 2018-10-05 22:10:58 -0600
Processing by PostsController#new as HTML
  Rendering posts/new.html.erb within layouts/application
  Rendered posts/new.html.erb within layouts/application (4.1ms)
Completed 200 OK in 61ms (Views: 56.6ms | ActiveRecord: 0.0ms)


Started GET "/" for 127.0.0.1 at 2018-10-05 22:11:10 -0600
Processing by PostsController#index as HTML
  Rendering posts/index.html.erb within layouts/application
  [1m[36mPost Load (0.3ms)[0m  [1m[34mSELECT "posts".* FROM "posts"[0m
  ↳ app/views/posts/index.html.erb:2
  Rendered posts/index.html.erb within layouts/application (2.1ms)
Completed 200 OK in 84ms (Views: 70.0ms | ActiveRecord: 0.3ms)


Started GET "/posts/new" for 127.0.0.1 at 2018-10-05 22:11:11 -0600
Processing by PostsController#new as HTML
  Rendering posts/new.html.erb within layouts/application
  Rendered posts/new.html.erb within layouts/application (3.0ms)
Completed 200 OK in 87ms (Views: 82.0ms | ActiveRecord: 0.0ms)


Started POST "/posts" for 127.0.0.1 at 2018-10-05 22:11:26 -0600
Processing by PostsController#create as HTML
  Parameters: {"utf8"=>"✓", "authenticity_token"=>"Lk0PkvO29SbYnGjkuvS0to2BGWbLW78D6G7OSIdqNVnjPxFFeIt10FBrfQz+NxgL45AFdeJDyzMt3uVKKKTk7Q==", "post"=>{"title"=>"Post 2", "body"=>"This is post 2"}, "commit"=>"Save Post"}
  [1m[35m (0.1ms)[0m  [1m[36mbegin transaction[0m
  ↳ app/controllers/posts_controller.rb:18
  [1m[36mPost Create (3.4ms)[0m  [1m[32mINSERT INTO "posts" ("title", "body", "created_at", "updated_at") VALUES (?, ?, ?, ?)[0m  [["title", "Post 2"], ["body", "This is post 2"], ["created_at", "2018-10-06 04:11:26.402968"], ["updated_at", "2018-10-06 04:11:26.402968"]]
  ↳ app/controllers/posts_controller.rb:18
  [1m[35m (2.6ms)[0m  [1m[36mcommit transaction[0m
  ↳ app/controllers/posts_controller.rb:18
Redirected to http://localhost:3000/posts/2
Completed 302 Found in 16ms (ActiveRecord: 6.1ms)


Started GET "/posts/2" for 127.0.0.1 at 2018-10-05 22:11:26 -0600
Processing by PostsController#show as HTML
  Parameters: {"id"=>"2"}
  [1m[36mPost Load (0.4ms)[0m  [1m[34mSELECT  "posts".* FROM "posts" WHERE "posts"."id" = ? LIMIT ?[0m  [["id", 2], ["LIMIT", 1]]
  ↳ app/controllers/posts_controller.rb:7
  Rendering posts/show.html.erb within layouts/application
  Rendered posts/show.html.erb within layouts/application (0.6ms)
Completed 200 OK in 81ms (Views: 75.5ms | ActiveRecord: 0.4ms)


Started GET "/" for 127.0.0.1 at 2018-10-05 22:11:29 -0600
Processing by PostsController#index as HTML
  Rendering posts/index.html.erb within layouts/application
  [1m[36mPost Load (0.3ms)[0m  [1m[34mSELECT "posts".* FROM "posts"[0m
  ↳ app/views/posts/index.html.erb:2
  Rendered posts/index.html.erb within layouts/application (4.1ms)
Completed 200 OK in 94ms (Views: 90.5ms | ActiveRecord: 0.3ms)


Started GET "/" for 127.0.0.1 at 2018-10-05 22:12:07 -0600
Processing by PostsController#index as HTML
  Rendering posts/index.html.erb within layouts/application
  [1m[36mPost Load (0.2ms)[0m  [1m[34mSELECT "posts".* FROM "posts"[0m
  ↳ app/views/posts/index.html.erb:2
  Rendered posts/index.html.erb within layouts/application (1.5ms)
Completed 200 OK in 110ms (Views: 101.6ms | ActiveRecord: 0.2ms)


Started GET "/" for 127.0.0.1 at 2018-10-05 22:12:19 -0600
Processing by PostsController#index as HTML
  Rendering posts/index.html.erb within layouts/application
  [1m[36mPost Load (0.3ms)[0m  [1m[34mSELECT "posts".* FROM "posts"[0m
  ↳ app/views/posts/index.html.erb:2
  Rendered posts/index.html.erb within layouts/application (2.5ms)
Completed 200 OK in 56ms (Views: 48.9ms | ActiveRecord: 0.3ms)


Started GET "/" for 127.0.0.1 at 2018-10-05 22:14:27 -0600
Processing by PostsController#index as HTML
  Rendering posts/index.html.erb within layouts/application
  [1m[36mPost Load (0.3ms)[0m  [1m[34mSELECT "posts".* FROM "posts"[0m
  ↳ app/views/posts/index.html.erb:2
  Rendered posts/index.html.erb within layouts/application (1.9ms)
Completed 200 OK in 90ms (Views: 83.7ms | ActiveRecord: 0.3ms)


Started GET "/" for 127.0.0.1 at 2018-10-05 22:14:28 -0600
Processing by PostsController#index as HTML
  Rendering posts/index.html.erb within layouts/application
  [1m[36mPost Load (0.2ms)[0m  [1m[34mSELECT "posts".* FROM "posts"[0m
  ↳ app/views/posts/index.html.erb:2
  Rendered posts/index.html.erb within layouts/application (1.2ms)
Completed 200 OK in 37ms (Views: 33.9ms | ActiveRecord: 0.2ms)


Started GET "/" for 127.0.0.1 at 2018-10-05 22:14:33 -0600
Processing by PostsController#index as HTML
  Rendering posts/index.html.erb within layouts/application
  [1m[36mPost Load (0.3ms)[0m  [1m[34mSELECT "posts".* FROM "posts"[0m
  ↳ app/views/posts/index.html.erb:2
  Rendered posts/index.html.erb within layouts/application (2.0ms)
Completed 200 OK in 103ms (Views: 97.3ms | ActiveRecord: 0.3ms)


Started GET "/" for 127.0.0.1 at 2018-10-05 22:14:34 -0600
Processing by PostsController#index as HTML
  Rendering posts/index.html.erb within layouts/application
  [1m[36mPost Load (0.2ms)[0m  [1m[34mSELECT "posts".* FROM "posts"[0m
  ↳ app/views/posts/index.html.erb:2
  Rendered posts/index.html.erb within layouts/application (1.3ms)
Completed 200 OK in 45ms (Views: 41.0ms | ActiveRecord: 0.2ms)


Started GET "/" for 127.0.0.1 at 2018-10-05 22:14:58 -0600
Processing by PostsController#index as HTML
  Rendering posts/index.html.erb within layouts/application
  [1m[36mPost Load (0.2ms)[0m  [1m[34mSELECT "posts".* FROM "posts"[0m
  ↳ app/views/posts/index.html.erb:2
  Rendered posts/index.html.erb within layouts/application (1.6ms)
Completed 200 OK in 46ms (Views: 40.2ms | ActiveRecord: 0.2ms)


Started GET "/" for 127.0.0.1 at 2018-10-05 22:15:00 -0600
Processing by PostsController#index as HTML
  Rendering posts/index.html.erb within layouts/application
  [1m[36mPost Load (0.2ms)[0m  [1m[34mSELECT "posts".* FROM "posts"[0m
  ↳ app/views/posts/index.html.erb:2
  Rendered posts/index.html.erb within layouts/application (1.4ms)
Completed 200 OK in 38ms (Views: 35.0ms | ActiveRecord: 0.2ms)


Started GET "/" for 127.0.0.1 at 2018-10-05 22:15:10 -0600
Processing by PostsController#index as HTML
  Rendering posts/index.html.erb within layouts/application
  [1m[36mPost Load (0.3ms)[0m  [1m[34mSELECT "posts".* FROM "posts"[0m
  ↳ app/views/posts/index.html.erb:2
  Rendered posts/index.html.erb within layouts/application (2.2ms)
Completed 200 OK in 65ms (Views: 59.7ms | ActiveRecord: 0.3ms)


Started GET "/" for 127.0.0.1 at 2018-10-05 22:15:11 -0600
Processing by PostsController#index as HTML
  Rendering posts/index.html.erb within layouts/application
  [1m[36mPost Load (0.2ms)[0m  [1m[34mSELECT "posts".* FROM "posts"[0m
  ↳ app/views/posts/index.html.erb:2
  Rendered posts/index.html.erb within layouts/application (1.4ms)
Completed 200 OK in 44ms (Views: 39.3ms | ActiveRecord: 0.2ms)


Started GET "/posts/new" for 127.0.0.1 at 2018-10-05 22:15:29 -0600
Processing by PostsController#new as HTML
  Rendering posts/new.html.erb within layouts/application
  Rendered posts/new.html.erb within layouts/application (3.9ms)
Completed 200 OK in 115ms (Views: 65.2ms | ActiveRecord: 0.0ms)


Started GET "/posts/new" for 127.0.0.1 at 2018-10-05 22:16:06 -0600
Processing by PostsController#new as HTML
  Rendering posts/new.html.erb within layouts/application
  Rendered posts/new.html.erb within layouts/application (5.6ms)
Completed 200 OK in 75ms (Views: 71.8ms | ActiveRecord: 0.0ms)


Started POST "/posts" for 127.0.0.1 at 2018-10-05 22:22:01 -0600
Processing by PostsController#create as HTML
  Parameters: {"utf8"=>"✓", "authenticity_token"=>"v1MShn9gOQstC0oGC91jguuSv2lN01uZXqjetmMHVJjzyLIzWBzdYFSQIq0zENqPthO6uyAdj8WxzK5LwSBvGA==", "post"=>{"title"=>"", "body"=>""}, "commit"=>"Save Post"}
Completed 500 Internal Server Error in 11ms (ActiveRecord: 0.0ms)


  
SyntaxError (/Users/jeffreyshen/Documents/Rails-blog/Ruby-Blog/app/models/post.rb:3: syntax error, unexpected keyword_true, expecting keyword_do or '{' or '('
  validates :title, presenceL true, length: {minimum: 5}
                                  ^
/Users/jeffreyshen/Documents/Rails-blog/Ruby-Blog/app/models/post.rb:3: Can't assign to true
  validates :title, presenceL true, length: {minimum: 5}
                                   ^):
  
app/models/post.rb:3: syntax error, unexpected keyword_true, expecting keyword_do or '{' or '('
app/models/post.rb:3: Can't assign to true
app/controllers/posts_controller.rb:16:in `create'
Started GET "/posts" for 127.0.0.1 at 2018-10-05 22:22:27 -0600
Processing by PostsController#index as HTML
  Rendering posts/index.html.erb within layouts/application
  [1m[36mPost Load (0.3ms)[0m  [1m[34mSELECT "posts".* FROM "posts"[0m
  ↳ app/views/posts/index.html.erb:2
  Rendered posts/index.html.erb within layouts/application (27.0ms)
Completed 200 OK in 86ms (Views: 74.3ms | ActiveRecord: 1.0ms)


Started GET "/posts/new" for 127.0.0.1 at 2018-10-05 22:22:29 -0600
Processing by PostsController#new as HTML
  Rendering posts/new.html.erb within layouts/application
  Rendered posts/new.html.erb within layouts/application (6.7ms)
Completed 200 OK in 75ms (Views: 56.3ms | ActiveRecord: 0.0ms)


Started POST "/posts" for 127.0.0.1 at 2018-10-05 22:22:30 -0600
Processing by PostsController#create as HTML
  Parameters: {"utf8"=>"✓", "authenticity_token"=>"PzZIYFUy3KfLNfZA2od5fH3ZI46tzQQ7TfbNa7wvDdjyRFa33g9cUUPC46ieRNXBE8g/nYTVcAuIRuZpE+HcbA==", "post"=>{"title"=>"", "body"=>""}, "commit"=>"Save Post"}
  [1m[35m (0.1ms)[0m  [1m[36mbegin transaction[0m
  ↳ app/controllers/posts_controller.rb:18
  [1m[35m (0.1ms)[0m  [1m[31mrollback transaction[0m
  ↳ app/controllers/posts_controller.rb:18
  Rendering posts/new.html.erb within layouts/application
  Rendered posts/new.html.erb within layouts/application (2.2ms)
Completed 200 OK in 57ms (Views: 41.5ms | ActiveRecord: 0.2ms)


Started POST "/posts" for 127.0.0.1 at 2018-10-05 22:22:30 -0600
Processing by PostsController#create as HTML
  Parameters: {"utf8"=>"✓", "authenticity_token"=>"9VkL2crNP5s7qz/2xjz5f7eotdRhkGi0AIegjoIwH+q5wqts7bHb8EIwV13+8UBy6imwBgxevOjv49BzIBckag==", "post"=>{"title"=>"", "body"=>""}, "commit"=>"Save Post"}
  [1m[35m (0.1ms)[0m  [1m[36mbegin transaction[0m
  ↳ app/controllers/posts_controller.rb:18
  [1m[35m (0.1ms)[0m  [1m[31mrollback transaction[0m
  ↳ app/controllers/posts_controller.rb:18
  Rendering posts/new.html.erb within layouts/application
  Rendered posts/new.html.erb within layouts/application (3.3ms)
Completed 200 OK in 51ms (Views: 45.2ms | ActiveRecord: 0.2ms)


Started POST "/posts" for 127.0.0.1 at 2018-10-05 22:22:31 -0600
Processing by PostsController#create as HTML
  Parameters: {"utf8"=>"✓", "authenticity_token"=>"2aV3YtYDjfKPcovZkq47CBnl72DtExBAKpou9xZbVReVPtfX8X9pmfbp43KqY4IFRGTqsoDdxBzF/l4KtHxulw==", "post"=>{"title"=>"", "body"=>""}, "commit"=>"Save Post"}
  [1m[35m (0.1ms)[0m  [1m[36mbegin transaction[0m
  ↳ app/controllers/posts_controller.rb:18
  [1m[35m (0.3ms)[0m  [1m[31mrollback transaction[0m
  ↳ app/controllers/posts_controller.rb:18
  Rendering posts/new.html.erb within layouts/application
  Rendered posts/new.html.erb within layouts/application (5.1ms)
Completed 200 OK in 110ms (Views: 101.6ms | ActiveRecord: 0.4ms)


